✔ skipped target main_period
✔ skipped target era5
✔ skipped target enso
✔ skipped target o3wave_lats
✔ skipped target toc
✔ skipped target ceof_era5
✔ skipped target sims
✔ skipped target cmip_citations
✔ skipped target times
✔ skipped target files
✔ skipped branch son_files_4215a338
✔ skipped branch son_files_12bddf77
✔ skipped branch son_files_082fbace
✔ skipped branch son_files_d30650be
✔ skipped branch son_files_26890ce1
✔ skipped branch son_files_99b21c81
✔ skipped branch son_files_5f2f8272
✔ skipped branch son_files_f335ce8d
✔ skipped branch son_files_ed8da478
✔ skipped branch son_files_788296b8
✔ skipped branch son_files_d7ced70b
✔ skipped branch son_files_151c72fb
✔ skipped branch son_files_cfc8cc53
✔ skipped branch son_files_2bd5947a
✔ skipped branch son_files_1015bdfe
✔ skipped branch son_files_daf42d5c
✔ skipped branch son_files_52cef96e
✔ skipped branch son_files_e3914730
✔ skipped branch son_files_ed026ab7
✔ skipped branch son_files_250f3a2d
✔ skipped branch son_files_93973340
✔ skipped branch son_files_090c0866
✔ skipped branch son_files_a16a3b26
✔ skipped branch son_files_8963fe54
✔ skipped branch son_files_4ee19208
✔ skipped branch son_files_abb438d2
✔ skipped branch son_files_f4b766a6
✔ skipped branch son_files_16daf90a
✔ skipped branch son_files_80219259
✔ skipped branch son_files_267a2629
✔ skipped branch son_files_3a24075c
✔ skipped branch son_files_dd36418a
✔ skipped branch son_files_a377d262
✔ skipped branch son_files_d8e91ebe
✔ skipped branch son_files_4aad6963
✔ skipped branch son_files_50a4902d
✔ skipped branch son_files_98033134
✔ skipped branch son_files_ac71610e
✔ skipped branch son_files_f81bdaeb
✔ skipped branch son_files_d1586310
✔ skipped branch son_files_4ac2f224
✔ skipped branch son_files_599390ae
✔ skipped branch son_files_f657e3b6
✔ skipped branch son_files_371abbe4
✔ skipped branch son_files_64378e54
✔ skipped branch son_files_efc3df53
✔ skipped branch son_files_33de2c9c
✔ skipped branch son_files_e91103d9
✔ skipped branch son_files_fb24d296
✔ skipped branch son_files_1f04f35d
✔ skipped branch son_files_4ddcc46e
✔ skipped branch son_files_4785b5db
✔ skipped branch son_files_a4633be7
✔ skipped branch son_files_4e909234
✔ skipped branch son_files_a7d8e47f
✔ skipped branch son_files_6cb28c0a
✔ skipped branch son_files_b0b9087e
✔ skipped branch son_files_8e82b2a8
✔ skipped branch son_files_c7cce20b
✔ skipped branch son_files_0f9f2865
✔ skipped branch son_files_0ca73786
✔ skipped branch son_files_d9f592af
✔ skipped branch son_files_a636af1a
✔ skipped branch son_files_854ae1b6
✔ skipped branch son_files_194388a1
✔ skipped branch son_files_7b198cbd
✔ skipped branch son_files_b81359a7
✔ skipped branch son_files_d89435a7
✔ skipped branch son_files_5df71692
✔ skipped branch son_files_2cec8dfd
✔ skipped branch son_files_ca9db6a4
✔ skipped branch son_files_83421ac5
✔ skipped branch son_files_920f11e6
✔ skipped branch son_files_1ade6f82
✔ skipped branch son_files_2f6d2b13
✔ skipped branch son_files_a03f22bf
✔ skipped branch son_files_8d88a0e7
✔ skipped branch son_files_cf587796
✔ skipped branch son_files_d57bae90
✔ skipped branch son_files_4ff05bef
✔ skipped branch son_files_0c405da9
✔ skipped branch son_files_7a5f7793
✔ skipped branch son_files_20630456
✔ skipped branch son_files_5028c2aa
✔ skipped branch son_files_f4484809
✔ skipped branch son_files_2bbb3e94
✔ skipped branch son_files_ea4e59d3
✔ skipped branch son_files_6989bf61
✔ skipped branch son_files_151dd2fa
✔ skipped branch son_files_be8b66e1
✔ skipped branch son_files_a4ff32c0
✔ skipped branch son_files_d684e971
✔ skipped branch son_files_eceda963
✔ skipped branch son_files_c25e9ed1
✔ skipped branch son_files_8de33e91
✔ skipped branch son_files_f5cfea54
✔ skipped branch son_files_6f3fc951
✔ skipped branch son_files_a8bca891
✔ skipped branch son_files_532ae4bd
✔ skipped branch son_files_ecdb9ea1
✔ skipped branch son_files_6b65acd1
✔ skipped branch son_files_3ec440df
✔ skipped branch son_files_1d999f7f
✔ skipped branch son_files_2d6b173e
✔ skipped branch son_files_f31f1bfc
✔ skipped branch son_files_0f09c49f
✔ skipped branch son_files_e6c79d6d
✔ skipped branch son_files_20511391
✔ skipped branch son_files_95a73b92
✔ skipped branch son_files_ff39df73
✔ skipped branch son_files_aae6bd76
✔ skipped branch son_files_d730cb63
✔ skipped branch son_files_6e038382
✔ skipped branch son_files_7b2e5052
✔ skipped branch son_files_74d651e9
✔ skipped branch son_files_8cf0135d
✔ skipped branch son_files_c9a75b9a
✔ skipped branch son_files_af5069aa
✔ skipped branch son_files_c887a753
✔ skipped branch son_files_8ddd9675
✔ skipped branch son_files_45bdc77b
✔ skipped branch son_files_fb6864bb
✔ skipped branch son_files_d78f28c4
✔ skipped branch son_files_d9be3b2e
✔ skipped branch son_files_f53a1d7f
✔ skipped branch son_files_9ca0f6f0
✔ skipped branch son_files_81233553
✔ skipped branch son_files_6bb532b8
✔ skipped branch son_files_57a61caa
✔ skipped branch son_files_7a5ca04e
✔ skipped branch son_files_dfbee28d
✔ skipped branch son_files_61efdad4
✔ skipped branch son_files_57a5630b
✔ skipped branch son_files_eaa62868
✔ skipped branch son_files_07efdaf7
✔ skipped branch son_files_d3c5b55a
✔ skipped branch son_files_1ecf4ad8
✔ skipped branch son_files_c127bd7e
✔ skipped branch son_files_b86cfc7b
✔ skipped branch son_files_60e0e851
✔ skipped branch son_files_2ac02f70
✔ skipped branch son_files_41d6cfc2
✔ skipped branch son_files_cca6e1df
✔ skipped branch son_files_56a34871
✔ skipped branch son_files_68b9d38d
✔ skipped branch son_files_3b4767eb
✔ skipped branch son_files_4c56ee13
✔ skipped branch son_files_9c37100a
✔ skipped branch son_files_d7cbf5b4
✔ skipped branch son_files_974287ec
✔ skipped branch son_files_0a1d8b2e
✔ skipped branch son_files_053dbf62
✔ skipped branch son_files_6773fc2d
✔ skipped branch son_files_45150677
✔ skipped branch son_files_811c92be
✔ skipped branch son_files_519b562d
✔ skipped branch son_files_14a4bd75
✔ skipped branch son_files_6f1ad63a
✔ skipped branch son_files_b5008f45
✔ skipped branch son_files_d427441f
✔ skipped branch son_files_fb4dadd0
✔ skipped branch son_files_a850c4c8
✔ skipped branch son_files_776fac15
✔ skipped branch son_files_e6d853a3
✔ skipped branch son_files_0c78dcff
✔ skipped branch son_files_2104c7c7
✔ skipped branch son_files_687e85d7
✔ skipped branch son_files_90805b8d
✔ skipped branch son_files_b063b9eb
✔ skipped branch son_files_090f8b0b
✔ skipped branch son_files_ac3d61ad
✔ skipped branch son_files_8fd610d7
✔ skipped branch son_files_d9cd2c5f
✔ skipped branch son_files_aa1d40a3
✔ skipped branch son_files_5735b549
✔ skipped branch son_files_f745ad64
✔ skipped branch son_files_584f3cc0
✔ skipped branch son_files_b9c016bd
✔ skipped branch son_files_12203677
✔ skipped branch son_files_7599ba11
✔ skipped branch son_files_f2d56024
✔ skipped branch son_files_ed0417f1
✔ skipped branch son_files_fca66ff5
✔ skipped branch son_files_6461b1d8
✔ skipped branch son_files_18abcdce
✔ skipped branch son_files_6342407c
✔ skipped branch son_files_56c7ed8d
✔ skipped branch son_files_16a4b3f3
✔ skipped branch son_files_154f4d3a
✔ skipped branch son_files_05921445
✔ skipped branch son_files_5fc0acef
✔ skipped branch son_files_0df3ac9c
✔ skipped branch son_files_5bae2f40
✔ skipped branch son_files_c82b0f79
✔ skipped branch son_files_886f3a9a
✔ skipped branch son_files_b0e867d2
✔ skipped branch son_files_e7e05caa
✔ skipped branch son_files_2bcfbbab
✔ skipped branch son_files_0cfd2941
✔ skipped branch son_files_59830f8b
✔ skipped branch son_files_2dfdc4e5
✔ skipped branch son_files_a6c011c1
✔ skipped branch son_files_366c30df
✔ skipped branch son_files_3c5d50fb
✔ skipped branch son_files_bb1eaf62
✔ skipped branch son_files_c5a36832
✔ skipped branch son_files_0ae832f8
✔ skipped branch son_files_d19e763c
✔ skipped branch son_files_e0f7c1cd
✔ skipped branch son_files_97ec2bcb
✔ skipped branch son_files_d8ff96a8
✔ skipped branch son_files_f18ce3cc
✔ skipped branch son_files_0cb8d0f3
✔ skipped branch son_files_9cdbbcb3
✔ skipped branch son_files_c5cd8f8a
✔ skipped branch son_files_5d3f5268
✔ skipped branch son_files_1e60c667
✔ skipped branch son_files_8fe61743
✔ skipped branch son_files_6a5062b3
✔ skipped branch son_files_c6701510
✔ skipped branch son_files_812fc4f3
✔ skipped branch son_files_61c4312e
✔ skipped branch son_files_bec1e50e
✔ skipped branch son_files_1ecc3840
✔ skipped branch son_files_ed7dd2b2
✔ skipped branch son_files_811b3aa3
✔ skipped branch son_files_0ff9df01
✔ skipped branch son_files_4e116b5b
✔ skipped branch son_files_62f86843
✔ skipped branch son_files_b037731d
✔ skipped branch son_files_9bdb3886
✔ skipped branch son_files_5432dca1
✔ skipped branch son_files_4f3e286f
✔ skipped branch son_files_ece1c1e2
✔ skipped branch son_files_c1088f19
✔ skipped branch son_files_720762d3
✔ skipped branch son_files_f05a61cf
✔ skipped branch son_files_0dc5a562
✔ skipped branch son_files_573b7fe7
✔ skipped branch son_files_c7a35759
✔ skipped branch son_files_b4a26dda
✔ skipped branch son_files_ed5a0521
✔ skipped branch son_files_e72a9239
✔ skipped branch son_files_2e456fdc
✔ skipped branch son_files_8b8ce71f
✔ skipped branch son_files_3791f461
✔ skipped branch son_files_cf5a92be
✔ skipped branch son_files_418498c4
✔ skipped branch son_files_21807d70
✔ skipped branch son_files_d0529ce3
✔ skipped branch son_files_41c9731a
✔ skipped branch son_files_7a340de4
✔ skipped branch son_files_05e7589f
✔ skipped branch son_files_54981d03
✔ skipped branch son_files_1581dd2f
✔ skipped branch son_files_aa85adb3
✔ skipped branch son_files_77bfdfe7
✔ skipped branch son_files_a736c997
✔ skipped branch son_files_6882438f
✔ skipped branch son_files_e79594ec
✔ skipped branch son_files_0cb650b8
✔ skipped branch son_files_55c528fe
✔ skipped branch son_files_28a976d8
✔ skipped branch son_files_b63b7838
✔ skipped branch son_files_6057efac
✔ skipped branch son_files_9a0ae128
✔ skipped branch son_files_8967742a
✔ skipped branch son_files_fd170137
✔ skipped branch son_files_15513e70
✔ skipped branch son_files_6818000d
✔ skipped branch son_files_b848de40
✔ skipped branch son_files_169301f8
✔ skipped branch son_files_e42768ca
✔ skipped branch son_files_46478635
✔ skipped branch son_files_bbc756a3
✔ skipped branch son_files_454cbf56
✔ skipped branch son_files_3ae5e3e7
✔ skipped branch son_files_90e597bf
✔ skipped branch son_files_d899fe5c
✔ skipped branch son_files_c37ee689
✔ skipped branch son_files_a2be9e18
✔ skipped branch son_files_d4ad5463
✔ skipped branch son_files_de8d182d
✔ skipped branch son_files_1eedf205
✔ skipped branch son_files_20d27519
✔ skipped branch son_files_0466d515
✔ skipped branch son_files_5ad2e5bf
✔ skipped branch son_files_bec5bc95
✔ skipped branch son_files_f7d7d19f
✔ skipped branch son_files_19ffe432
✔ skipped branch son_files_65ccca7d
✔ skipped branch son_files_34d7dbe5
✔ skipped branch son_files_6def6022
✔ skipped branch son_files_71003573
✔ skipped branch son_files_c3047a53
✔ skipped branch son_files_ee339212
✔ skipped branch son_files_e5410b13
✔ skipped branch son_files_ddaebec7
✔ skipped branch son_files_e6e84784
✔ skipped branch son_files_4e3aff78
✔ skipped branch son_files_738482c4
✔ skipped branch son_files_44afdd02
✔ skipped branch son_files_c91d6afa
✔ skipped branch son_files_02b2f296
✔ skipped branch son_files_e129ebac
✔ skipped branch son_files_5d71aa8b
✔ skipped branch son_files_9f6f5954
✔ skipped branch son_files_5189e081
✔ skipped branch son_files_f85a8803
✔ skipped branch son_files_857bb518
✔ skipped branch son_files_bd4dfd62
✔ skipped branch son_files_4f2934bb
✔ skipped branch son_files_8b192248
✔ skipped branch son_files_52861745
✔ skipped branch son_files_5824d233
✔ skipped branch son_files_04f30f3f
✔ skipped branch son_files_4519cfb5
✔ skipped branch son_files_5b08e6e0
✔ skipped branch son_files_23756809
✔ skipped branch son_files_dd2dd97f
✔ skipped branch son_files_80c5f343
✔ skipped branch son_files_0c483716
✔ skipped branch son_files_6986dc6a
✔ skipped branch son_files_2f991369
✔ skipped branch son_files_94fdeb68
✔ skipped branch son_files_7a9b3628
✔ skipped branch son_files_5462939f
✔ skipped branch son_files_2e8360b8
✔ skipped branch son_files_29f16cbb
✔ skipped branch son_files_4d676499
✔ skipped branch son_files_3060d37a
✔ skipped branch son_files_1ff5be13
✔ skipped branch son_files_9ea8e7fe
✔ skipped branch son_files_46d15a6b
✔ skipped branch son_files_aa03a583
✔ skipped branch son_files_c87315af
✔ skipped branch son_files_c2969c8b
✔ skipped branch son_files_61dc02ef
✔ skipped branch son_files_84c89361
✔ skipped branch son_files_3f5c592d
✔ skipped branch son_files_d847a1fd
✔ skipped branch son_files_377baf2a
✔ skipped branch son_files_e699ba37
✔ skipped branch son_files_d5ecf747
✔ skipped branch son_files_e53b7c43
✔ skipped branch son_files_ad58d359
✔ skipped branch son_files_f354628b
✔ skipped branch son_files_d6eeb20e
✔ skipped branch son_files_7ff2761b
✔ skipped branch son_files_ec259ef7
✔ skipped branch son_files_e6f14569
✔ skipped branch son_files_fc874465
✔ skipped branch son_files_7d9fe18a
✔ skipped branch son_files_fe2e5639
✔ skipped branch son_files_26395c6d
✔ skipped branch son_files_d4f8e481
✔ skipped branch son_files_3c402922
✔ skipped branch son_files_25917439
✔ skipped branch son_files_3f6ffe31
✔ skipped branch son_files_9e2b58d4
✔ skipped branch son_files_21a02e79
✔ skipped branch son_files_b5b1c5af
✔ skipped branch son_files_55a022aa
✔ skipped branch son_files_2c05d57b
✔ skipped branch son_files_41c27b6b
✔ skipped branch son_files_ae01fe87
✔ skipped branch son_files_d3a124dd
✔ skipped branch son_files_3fa406c0
✔ skipped branch son_files_daa1ca63
✔ skipped branch son_files_00ab7f54
✔ skipped branch son_files_2a17eb96
✔ skipped branch son_files_ccec75bd
✔ skipped branch son_files_109adae3
✔ skipped branch son_files_da1cedfe
✔ skipped branch son_files_29a238e4
✔ skipped branch son_files_2e16650a
✔ skipped branch son_files_25421d51
✔ skipped branch son_files_b358869f
✔ skipped branch son_files_07d5175c
✔ skipped branch son_files_9d120826
✔ skipped branch son_files_b032c1f3
✔ skipped branch son_files_ab2a6f98
✔ skipped branch son_files_24507b4b
✔ skipped branch son_files_0bc7d1a2
✔ skipped branch son_files_a9eecc76
✔ skipped branch son_files_58571566
✔ skipped branch son_files_4e892690
✔ skipped branch son_files_c160276d
✔ skipped branch son_files_1bb19846
✔ skipped branch son_files_d945557e
✔ skipped branch son_files_dbb5de4d
✔ skipped branch son_files_b4581683
✔ skipped branch son_files_085a5d15
✔ skipped branch son_files_ba2d9915
✔ skipped branch son_files_a6c53261
✔ skipped branch son_files_58dae5a8
✔ skipped branch son_files_55cd4fc0
✔ skipped branch son_files_0940968b
✔ skipped branch son_files_522da647
✔ skipped branch son_files_ef6b27c5
✔ skipped branch son_files_f525dccb
✔ skipped branch son_files_e20fab7c
✔ skipped branch son_files_f4edf4d8
✔ skipped branch son_files_fc21d01d
✔ skipped branch son_files_2c27d1af
✔ skipped branch son_files_6d902adb
✔ skipped branch son_files_a4ddb639
✔ skipped branch son_files_b7853e8c
✔ skipped branch son_files_a4cfbcf7
✔ skipped branch son_files_fee332e3
✔ skipped branch son_files_0f82f43a
✔ skipped branch son_files_1798bb21
✔ skipped branch son_files_3ae68d86
✔ skipped branch son_files_599c653f
✔ skipped branch son_files_80e736b7
✔ skipped branch son_files_60d5c575
✔ skipped branch son_files_6bff979a
✔ skipped branch son_files_f476f202
✔ skipped branch son_files_2465d4ba
✔ skipped branch son_files_14a3b53b
✔ skipped branch son_files_5e559bc4
✔ skipped branch son_files_012619c8
✔ skipped branch son_files_f8e10629
✔ skipped branch son_files_5a8cf0a5
✔ skipped branch son_files_0652b003
✔ skipped branch son_files_2c69f42b
✔ skipped branch son_files_7484ca34
✔ skipped branch son_files_5ec3d9d1
✔ skipped branch son_files_b3ce9054
✔ skipped branch son_files_c46e33aa
✔ skipped branch son_files_c62a7d69
✔ skipped branch son_files_e62e05cb
✔ skipped branch son_files_eb4c2e42
✔ skipped branch son_files_6d8ca0ca
✔ skipped branch son_files_dc9bfeff
✔ skipped branch son_files_6e6b5170
✔ skipped branch son_files_ff95dee1
✔ skipped branch son_files_3034493a
✔ skipped branch son_files_23c04dcf
✔ skipped branch son_files_c8be0c6f
✔ skipped branch son_files_a731231c
✔ skipped branch son_files_f0e48b28
✔ skipped branch son_files_99a67e1a
✔ skipped branch son_files_9c2bbcc0
✔ skipped branch son_files_4a8792ae
✔ skipped branch son_files_ebdde32b
✔ skipped branch son_files_5617d8ca
✔ skipped branch son_files_2771128a
✔ skipped branch son_files_8ec77651
✔ skipped branch son_files_37cc5dec
✔ skipped branch son_files_8d56e158
✔ skipped branch son_files_0b5a7adc
✔ skipped branch son_files_7169deb0
✔ skipped branch son_files_e2c28def
✔ skipped branch son_files_1bb77f14
✔ skipped branch son_files_dd2f0eb9
✔ skipped branch son_files_277e49fd
✔ skipped branch son_files_d564f266
✔ skipped branch son_files_fd64fcd3
✔ skipped branch son_files_6cfe6481
✔ skipped branch son_files_d3bc37bd
✔ skipped branch son_files_e44ae846
✔ skipped branch son_files_f5cf0820
✔ skipped branch son_files_1db53c1c
✔ skipped branch son_files_d1ec8191
✔ skipped branch son_files_5651934b
✔ skipped branch son_files_c2b98d60
✔ skipped branch son_files_87c232cc
✔ skipped branch son_files_8cdf9628
✔ skipped branch son_files_86f760b3
✔ skipped branch son_files_064e6a67
✔ skipped branch son_files_fec4c89f
✔ skipped branch son_files_8159db27
✔ skipped branch son_files_7d439b38
✔ skipped branch son_files_76a25015
✔ skipped branch son_files_25c366e6
✔ skipped branch son_files_90a121b7
✔ skipped branch son_files_44e26c9c
✔ skipped branch son_files_9421de3a
✔ skipped branch son_files_b031afeb
✔ skipped branch son_files_cf0690b5
✔ skipped branch son_files_748e9912
✔ skipped branch son_files_664b01d6
✔ skipped branch son_files_20152273
✔ skipped branch son_files_3ee38d0b
✔ skipped branch son_files_f51151c2
✔ skipped branch son_files_54e39c81
✔ skipped branch son_files_a795e82c
✔ skipped branch son_files_e14cf490
✔ skipped branch son_files_010df80a
✔ skipped branch son_files_3cc8891e
✔ skipped branch son_files_1d40cc12
✔ skipped branch son_files_ffbfb005
✔ skipped branch son_files_1ec55e66
✔ skipped branch son_files_92c1d1a2
✔ skipped branch son_files_73a83b4c
✔ skipped branch son_files_259bb8c0
✔ skipped branch son_files_56ca8083
✔ skipped branch son_files_eb9acaf2
✔ skipped branch son_files_c8ae8deb
✔ skipped branch son_files_6b1570c7
✔ skipped branch son_files_6c5f18fb
✔ skipped branch son_files_94c5d8ca
✔ skipped branch son_files_6a16f309
✔ skipped branch son_files_c7002ce6
✔ skipped branch son_files_2dd3529a
✔ skipped branch son_files_f620f1f8
✔ skipped branch son_files_ac97202d
✔ skipped branch son_files_27253c26
✔ skipped branch son_files_ad434cdc
✔ skipped branch son_files_716c317c
✔ skipped branch son_files_402a15f6
✔ skipped branch son_files_2b9d42cd
✔ skipped branch son_files_bf7df445
✔ skipped branch son_files_b16c2b09
✔ skipped branch son_files_e35082d4
✔ skipped branch son_files_bc722e4f
✔ skipped branch son_files_21f85d96
✔ skipped branch son_files_365d24bb
✔ skipped branch son_files_4cc9648f
✔ skipped branch son_files_35cb99cb
✔ skipped branch son_files_3359d6bf
✔ skipped branch son_files_dd0dc3ef
✔ skipped branch son_files_54839136
✔ skipped branch son_files_8ee2f619
✔ skipped branch son_files_3cfdbfc0
✔ skipped branch son_files_77166fe4
✔ skipped branch son_files_c6469740
✔ skipped branch son_files_507ffaf0
✔ skipped branch son_files_6c1a6738
✔ skipped branch son_files_cef4b59b
✔ skipped branch son_files_afb7e33b
✔ skipped branch son_files_01535dad
✔ skipped branch son_files_838d4223
✔ skipped branch son_files_f3b36576
✔ skipped branch son_files_ff35c403
✔ skipped branch son_files_621852e9
✔ skipped branch son_files_aa3060ee
✔ skipped branch son_files_1bec890f
✔ skipped branch son_files_daffb9e0
✔ skipped branch son_files_98ae8dd0
✔ skipped branch son_files_513d3ddb
✔ skipped branch son_files_61bb6d88
✔ skipped branch son_files_91690fa2
✔ skipped branch son_files_f3af1d12
✔ skipped branch son_files_7796599b
✔ skipped branch son_files_4b44fa17
✔ skipped branch son_files_f221eafa
✔ skipped branch son_files_44c4dc6c
✔ skipped branch son_files_50a5934b
✔ skipped branch son_files_facb2ec0
✔ skipped branch son_files_7b978e0a
✔ skipped branch son_files_2961e8a2
✔ skipped branch son_files_3a02d9b1
✔ skipped branch son_files_0ffb6b29
✔ skipped branch son_files_935ce06b
✔ skipped branch son_files_9e015226
✔ skipped branch son_files_a4369585
✔ skipped branch son_files_29265cfd
✔ skipped branch son_files_4a505135
✔ skipped branch son_files_73add0ca
✔ skipped branch son_files_a1abada7
✔ skipped branch son_files_f6365f89
✔ skipped branch son_files_baf68c70
✔ skipped branch son_files_696b0a74
✔ skipped branch son_files_b9fd309b
✔ skipped branch son_files_41b48be0
✔ skipped branch son_files_1f11324a
✔ skipped branch son_files_c1035225
✔ skipped branch son_files_e29efbb2
✔ skipped branch son_files_cde56f72
✔ skipped branch son_files_1ba31a44
✔ skipped branch son_files_874631cd
✔ skipped branch son_files_58be567f
✔ skipped branch son_files_ed9d4027
✔ skipped branch son_files_ae6bfaff
✔ skipped branch son_files_cf620112
✔ skipped branch son_files_02cafaa6
✔ skipped branch son_files_2bd96ff3
✔ skipped branch son_files_17e13b88
✔ skipped branch son_files_ab38fca8
✔ skipped branch son_files_5341fc8b
✔ skipped branch son_files_a421c5b0
✔ skipped branch son_files_aba0aa0e
✔ skipped branch son_files_52e5cdae
✔ skipped branch son_files_b112ac52
✔ skipped branch son_files_562995b9
✔ skipped branch son_files_106965d5
✔ skipped branch son_files_ae2473fb
✔ skipped branch son_files_0d613e49
✔ skipped branch son_files_99fdbe05
✔ skipped branch son_files_b548ffd6
✔ skipped branch son_files_190b3f39
✔ skipped branch son_files_94b5b70f
✔ skipped branch son_files_fd9aa3f3
✔ skipped branch son_files_2f25f612
✔ skipped branch son_files_f16d5ff2
✔ skipped branch son_files_9f17ff2a
✔ skipped branch son_files_6bcbb8c5
✔ skipped branch son_files_2c5d41b0
✔ skipped branch son_files_e8df9bdb
✔ skipped branch son_files_38aba2bb
✔ skipped branch son_files_49eed097
✔ skipped branch son_files_26de657e
✔ skipped branch son_files_9a6436b6
✔ skipped branch son_files_fa904221
✔ skipped branch son_files_fca23864
✔ skipped branch son_files_37866846
✔ skipped branch son_files_fbbbe6fd
✔ skipped branch son_files_54228fc6
✔ skipped branch son_files_b42050c1
✔ skipped branch son_files_533c2997
✔ skipped branch son_files_9179de2f
✔ skipped branch son_files_5f20fb42
✔ skipped branch son_files_2d4ed24c
✔ skipped branch son_files_f1220723
✔ skipped branch son_files_394c5bc3
✔ skipped branch son_files_22a9e141
✔ skipped branch son_files_71ba9e2c
✔ skipped branch son_files_49d1aa74
✔ skipped branch son_files_39cc98c8
✔ skipped branch son_files_14111119
✔ skipped branch son_files_ee9494fe
✔ skipped branch son_files_f957e222
✔ skipped branch son_files_80089532
✔ skipped branch son_files_47aed3f1
✔ skipped branch son_files_b7dbdbc6
✔ skipped branch son_files_ee7dce05
✔ skipped branch son_files_cd95539b
✔ skipped branch son_files_3ef9c1ec
✔ skipped branch son_files_c29e9893
✔ skipped branch son_files_2fdd3032
✔ skipped branch son_files_87a2f3bc
✔ skipped branch son_files_4ca2e2c0
✔ skipped branch son_files_f621bdbd
✔ skipped branch son_files_8914e9db
✔ skipped branch son_files_93b76b0f
✔ skipped branch son_files_c5dc1847
✔ skipped branch son_files_65191f70
✔ skipped branch son_files_dc0afa5a
✔ skipped branch son_files_77fbc629
✔ skipped branch son_files_f9ac782f
✔ skipped branch son_files_4494c9c5
✔ skipped branch son_files_1712c4b9
✔ skipped branch son_files_95725b42
✔ skipped branch son_files_d7f0ef31
✔ skipped branch son_files_e2c116ed
✔ skipped branch son_files_34ff13da
✔ skipped branch son_files_230767b3
✔ skipped branch son_files_929b963f
✔ skipped branch son_files_fb669ef7
✔ skipped branch son_files_62ec8f05
✔ skipped branch son_files_e57a418b
✔ skipped branch son_files_8e0c4a25
✔ skipped branch son_files_6cdf9b3e
✔ skipped branch son_files_d7e9f57d
✔ skipped branch son_files_2cc14ce6
✔ skipped branch son_files_9085bf5e
✔ skipped branch son_files_fafc11a8
✔ skipped branch son_files_4710ff92
✔ skipped branch son_files_9bcc7996
✔ skipped branch son_files_8d8de102
✔ skipped branch son_files_ab3df16e
✔ skipped branch son_files_a99e1e1e
✔ skipped branch son_files_91f8ee97
✔ skipped branch son_files_c0b67538
✔ skipped branch son_files_8b37080e
✔ skipped branch son_files_965f4195
✔ skipped branch son_files_ee842ba6
✔ skipped branch son_files_471f5058
✔ skipped branch son_files_02dcc64d
✔ skipped branch son_files_d471add0
✔ skipped branch son_files_27f240ab
✔ skipped branch son_files_75147f25
✔ skipped branch son_files_c043402f
✔ skipped branch son_files_4fb8d4d6
✔ skipped branch son_files_aa1ef7e8
✔ skipped branch son_files_cf9f5ac9
✔ skipped branch son_files_8b41c6bf
✔ skipped branch son_files_6dfee5a9
✔ skipped branch son_files_3125bdf5
✔ skipped branch son_files_4fbda8d5
✔ skipped branch son_files_194dff43
✔ skipped branch son_files_af41c753
✔ skipped branch son_files_7bc65e05
✔ skipped branch son_files_e535fe99
✔ skipped branch son_files_58673e7a
✔ skipped branch son_files_d6b3fd5e
✔ skipped branch son_files_64e5e621
✔ skipped branch son_files_4ef80fdc
✔ skipped branch son_files_e0594397
✔ skipped branch son_files_78112971
✔ skipped branch son_files_2c686715
✔ skipped branch son_files_d34816bc
✔ skipped branch son_files_19b3a93b
✔ skipped branch son_files_72e34b51
✔ skipped branch son_files_5451894b
✔ skipped branch son_files_71a1b4df
✔ skipped branch son_files_491c6230
✔ skipped branch son_files_65e87e1c
✔ skipped branch son_files_d28fc00d
✔ skipped branch son_files_e1e6485b
✔ skipped branch son_files_cdc06375
✔ skipped branch son_files_4465d6d3
✔ skipped branch son_files_5564b96d
✔ skipped branch son_files_3b221bf3
✔ skipped branch son_files_554d9b76
✔ skipped branch son_files_6602eac4
✔ skipped branch son_files_a6602f4a
✔ skipped branch son_files_59e3f464
✔ skipped branch son_files_6f757227
✔ skipped branch son_files_bbc4498d
✔ skipped branch son_files_443a40a1
✔ skipped branch son_files_3c00b0e3
✔ skipped branch son_files_5edbdcc9
✔ skipped branch son_files_7dd742b9
✔ skipped branch son_files_d08bf2a4
✔ skipped branch son_files_3b7824f2
✔ skipped branch son_files_2ddf6298
✔ skipped branch son_files_1050f3b7
✔ skipped branch son_files_14fd1ffb
✔ skipped branch son_files_8a5eff8e
✔ skipped branch son_files_8543d530
✔ skipped branch son_files_9aab8a35
✔ skipped branch son_files_2887d294
✔ skipped branch son_files_4eedc08c
✔ skipped branch son_files_2ebcc344
✔ skipped branch son_files_9a5b663b
✔ skipped branch son_files_45c8d0dd
✔ skipped branch son_files_fa49f137
✔ skipped branch son_files_a5c4ea5d
✔ skipped branch son_files_f1af629c
✔ skipped branch son_files_9b184d78
✔ skipped branch son_files_e4ac8848
✔ skipped branch son_files_f0bae14e
✔ skipped branch son_files_76f49cae
✔ skipped branch son_files_0869c99d
✔ skipped branch son_files_682896a5
✔ skipped branch son_files_19b2e0fa
✔ skipped branch son_files_ee8ea300
✔ skipped branch son_files_6899a9e4
✔ skipped branch son_files_ff904061
✔ skipped branch son_files_dcd2cd13
✔ skipped branch son_files_40c1fa44
✔ skipped branch son_files_6b3fcc7f
✔ skipped branch son_files_c1a7c77c
✔ skipped branch son_files_149acf3c
✔ skipped branch son_files_d1d8e466
✔ skipped branch son_files_a2d7a780
✔ skipped branch son_files_14065b58
✔ skipped branch son_files_f92754fe
✔ skipped branch son_files_07218648
✔ skipped branch son_files_da6077d7
✔ skipped branch son_files_9da78944
✔ skipped branch son_files_58b62904
✔ skipped branch son_files_9dac2b28
✔ skipped branch son_files_f319f936
✔ skipped branch son_files_d48df897
✔ skipped branch son_files_b2d5ca68
✔ skipped branch son_files_7060cf60
✔ skipped branch son_files_4384d53c
✔ skipped branch son_files_166b4404
✔ skipped branch son_files_2d236642
✔ skipped branch son_files_4ac83ef9
✔ skipped branch son_files_a7283551
✔ skipped branch son_files_355b0d1a
✔ skipped branch son_files_44992d93
✔ skipped branch son_files_7a1969fa
✔ skipped branch son_files_d47474e8
✔ skipped branch son_files_f86cc8ee
✔ skipped branch son_files_6f6d1858
✔ skipped branch son_files_f15af126
✔ skipped branch son_files_2d93503c
✔ skipped branch son_files_8d52e7af
✔ skipped branch son_files_c4db5f23
✔ skipped branch son_files_9b5b0e19
✔ skipped branch son_files_16128867
✔ skipped branch son_files_be761908
✔ skipped branch son_files_2b9e874d
✔ skipped branch son_files_50284164
✔ skipped branch son_files_5033f2fc
✔ skipped branch son_files_bef2bbe5
✔ skipped branch son_files_bba58330
✔ skipped branch son_files_81be064e
✔ skipped branch son_files_94ab8311
✔ skipped branch son_files_db340611
✔ skipped branch son_files_9d0b0c0a
✔ skipped branch son_files_cf72d1e7
✔ skipped branch son_files_e0ea7deb
✔ skipped branch son_files_611b10b8
✔ skipped branch son_files_35218811
✔ skipped branch son_files_72a631dd
✔ skipped branch son_files_a2088524
✔ skipped branch son_files_8a55d604
✔ skipped branch son_files_0b052d36
✔ skipped branch son_files_65b726c8
✔ skipped branch son_files_da6a8733
✔ skipped branch son_files_dd00865e
✔ skipped branch son_files_0865f45e
✔ skipped branch son_files_ff7d8453
✔ skipped branch son_files_6775fd62
✔ skipped branch son_files_8c8e2e63
✔ skipped branch son_files_6dddb5a9
✔ skipped branch son_files_97777c98
✔ skipped branch son_files_dd74843f
✔ skipped branch son_files_d34a16a3
✔ skipped branch son_files_30cad9b0
✔ skipped branch son_files_c6dfa8fa
✔ skipped branch son_files_da8d74a1
✔ skipped branch son_files_c7d4c72e
✔ skipped branch son_files_058f81a7
✔ skipped branch son_files_c93bb9a2
✔ skipped branch son_files_3e843821
✔ skipped branch son_files_ab90fb53
✔ skipped branch son_files_eae506ff
✔ skipped branch son_files_5dda456b
✔ skipped branch son_files_61020694
✔ skipped branch son_files_084843c1
✔ skipped branch son_files_83d5def2
✔ skipped branch son_files_017bc83a
✔ skipped branch son_files_b92e9e6f
✔ skipped branch son_files_5d46bafa
✔ skipped branch son_files_a2bb3595
✔ skipped branch son_files_39c1ea7f
✔ skipped branch son_files_06509636
✔ skipped branch son_files_b9814ca8
✔ skipped branch son_files_0ec9ebfc
✔ skipped branch son_files_ae444e58
✔ skipped branch son_files_a69e3fd5
✔ skipped branch son_files_2750f983
✔ skipped branch son_files_dd202b26
✔ skipped branch son_files_91195b08
✔ skipped branch son_files_ef0e50dd
✔ skipped branch son_files_15979712
✔ skipped branch son_files_9bb81fc3
✔ skipped branch son_files_99c39b1f
✔ skipped branch son_files_680d0fcd
✔ skipped branch son_files_72761247
✔ skipped branch son_files_d61f77c1
✔ skipped branch son_files_e8834122
✔ skipped branch son_files_a410143b
✔ skipped branch son_files_1d6a95d7
✔ skipped branch son_files_e09dace9
✔ skipped branch son_files_4afe3a90
✔ skipped branch son_files_9ddf2385
✔ skipped branch son_files_260dc096
✔ skipped branch son_files_121bb379
✔ skipped branch son_files_8a8af11d
✔ skipped branch son_files_ff95e56f
✔ skipped branch son_files_a4c8f70e
✔ skipped branch son_files_5ac8f5eb
✔ skipped branch son_files_fa004056
✔ skipped branch son_files_e77facc9
✔ skipped branch son_files_1ea34602
✔ skipped branch son_files_5ec230da
✔ skipped branch son_files_3f6d74ef
✔ skipped branch son_files_3685325b
✔ skipped branch son_files_974f8314
✔ skipped branch son_files_19b6fa8a
✔ skipped branch son_files_5358d712
✔ skipped branch son_files_e72272af
✔ skipped branch son_files_175fc78f
✔ skipped branch son_files_4f5438bb
✔ skipped branch son_files_0fb960a0
✔ skipped branch son_files_ff084c3a
✔ skipped branch son_files_08f97c18
✔ skipped branch son_files_92c39ce4
✔ skipped branch son_files_3e5ade53
✔ skipped branch son_files_896ec588
✔ skipped branch son_files_61dc288a
✔ skipped branch son_files_9d2db81b
✔ skipped branch son_files_e1de09fe
✔ skipped branch son_files_1a0272f3
✔ skipped branch son_files_8acb8451
✔ skipped branch son_files_ffc6cb62
✔ skipped branch son_files_584b49c6
✔ skipped branch son_files_08e5c18f
✔ skipped branch son_files_9610f53c
✔ skipped branch son_files_56240f13
✔ skipped branch son_files_c1c8d1a5
✔ skipped branch son_files_9ff65d9f
✔ skipped branch son_files_d1e2cd1d
✔ skipped branch son_files_3bc097ee
✔ skipped branch son_files_3a8ac1b6
✔ skipped branch son_files_39d495e8
✔ skipped branch son_files_844675ec
✔ skipped branch son_files_d657e1d7
✔ skipped branch son_files_434e1463
✔ skipped branch son_files_d340a8c7
✔ skipped branch son_files_39d8f8af
✔ skipped branch son_files_d1b66acb
✔ skipped branch son_files_1f2b76a9
✔ skipped branch son_files_58d3f99b
✔ skipped branch son_files_fac5a073
✔ skipped branch son_files_f030b7bd
✔ skipped branch son_files_65389367
✔ skipped branch son_files_024b1472
✔ skipped branch son_files_1d3e0e86
✔ skipped branch son_files_c981e03d
✔ skipped branch son_files_bde0faea
✔ skipped branch son_files_d32b067c
✔ skipped branch son_files_a17e295c
✔ skipped branch son_files_8c25e2ba
✔ skipped branch son_files_dca4a93e
✔ skipped branch son_files_c700f713
✔ skipped branch son_files_94fdfabe
✔ skipped branch son_files_cdd2bf11
✔ skipped branch son_files_d45337f2
✔ skipped branch son_files_5a14a49e
✔ skipped branch son_files_3d61e8e1
✔ skipped branch son_files_07d601a2
✔ skipped branch son_files_c0f49088
✔ skipped branch son_files_b081b5b5
✔ skipped branch son_files_15ce3d81
✔ skipped branch son_files_6ed844b1
✔ skipped branch son_files_63e8a887
✔ skipped branch son_files_8c5557b9
✔ skipped branch son_files_32b6ac3f
✔ skipped branch son_files_c75953e6
✔ skipped branch son_files_280d9381
✔ skipped branch son_files_e945a0b4
✔ skipped branch son_files_e573e4d3
✔ skipped branch son_files_b2803808
✔ skipped branch son_files_b3fe2cd9
✔ skipped branch son_files_c9255bad
✔ skipped branch son_files_54d106be
✔ skipped branch son_files_809c450c
✔ skipped branch son_files_107a11dc
✔ skipped branch son_files_cba8a507
✔ skipped branch son_files_310aa4cf
✔ skipped branch son_files_9e334f98
✔ skipped branch son_files_6faa82be
✔ skipped branch son_files_d6a97dc1
✔ skipped branch son_files_130e5dd2
✔ skipped branch son_files_7cc869ac
✔ skipped branch son_files_89c48156
✔ skipped branch son_files_f90ba7c7
✔ skipped branch son_files_0f5eb715
✔ skipped branch son_files_96907cad
✔ skipped branch son_files_6c5274b4
✔ skipped branch son_files_73bee2fa
✔ skipped branch son_files_3a377967
✔ skipped branch son_files_2a8c17fd
✔ skipped branch son_files_3edc2cab
✔ skipped branch son_files_09058a7a
✔ skipped branch son_files_063bd7eb
✔ skipped branch son_files_962905c8
✔ skipped branch son_files_dd16cc62
✔ skipped branch son_files_4d627b0e
✔ skipped branch son_files_cec66319
✔ skipped branch son_files_c8b1ab4e
✔ skipped branch son_files_de8e2b04
✔ skipped branch son_files_0f5954a3
✔ skipped branch son_files_d256d380
✔ skipped branch son_files_73726ddf
✔ skipped branch son_files_4e46e542
✔ skipped branch son_files_66ea64f7
✔ skipped branch son_files_a70ac20c
✔ skipped branch son_files_c7235bff
✔ skipped branch son_files_9c894bbf
✔ skipped branch son_files_8efcf24e
✔ skipped branch son_files_66d73d34
✔ skipped branch son_files_c6cf6eb0
✔ skipped branch son_files_5e8b423d
✔ skipped branch son_files_b7cedbd4
✔ skipped branch son_files_25882ce1
✔ skipped branch son_files_9c194539
✔ skipped branch son_files_900d5bf9
✔ skipped branch son_files_af4dda5a
✔ skipped branch son_files_1ecc12de
✔ skipped branch son_files_45b4467c
✔ skipped branch son_files_a52dd1ec
✔ skipped branch son_files_255d0aab
✔ skipped branch son_files_0ffa0d2c
✔ skipped branch son_files_63bd3ee3
✔ skipped branch son_files_dbaf9ac8
✔ skipped branch son_files_a65a47d8
✔ skipped branch son_files_769758a7
✔ skipped branch son_files_5abec344
✔ skipped branch son_files_2ecf316f
✔ skipped branch son_files_c4c5604c
✔ skipped branch son_files_cf52c846
✔ skipped branch son_files_581bfb88
✔ skipped branch son_files_f8eee1f5
✔ skipped branch son_files_ec96cc56
✔ skipped branch son_files_ac11315f
✔ skipped branch son_files_7d6670f9
✔ skipped branch son_files_e53fe8c7
✔ skipped branch son_files_5fe079c5
✔ skipped branch son_files_c1a6e1c9
✔ skipped branch son_files_d28d997f
✔ skipped branch son_files_5dac2952
✔ skipped branch son_files_d0b79598
✔ skipped branch son_files_8d4f91c6
✔ skipped branch son_files_3960c2fc
✔ skipped branch son_files_ec9d7612
✔ skipped branch son_files_579007ad
✔ skipped branch son_files_833e3e85
✔ skipped branch son_files_175c2ced
✔ skipped branch son_files_502a6a0a
✔ skipped branch son_files_568eaab3
✔ skipped branch son_files_4a5cc019
✔ skipped branch son_files_00dfc5bc
✔ skipped branch son_files_3be8edcb
✔ skipped branch son_files_3948291d
✔ skipped branch son_files_c5fdc477
✔ skipped branch son_files_f37df1d5
✔ skipped branch son_files_69cd4e2f
✔ skipped branch son_files_09b2acf8
✔ skipped branch son_files_54d1fd0f
✔ skipped branch son_files_8268001e
✔ skipped branch son_files_1a475e12
✔ skipped branch son_files_ac4e73bf
✔ skipped branch son_files_2a6c891c
✔ skipped branch son_files_2e45cd56
✔ skipped branch son_files_9629ae9c
✔ skipped branch son_files_44350b5b
✔ skipped branch son_files_7bc90742
✔ skipped branch son_files_3491d3ed
✔ skipped branch son_files_8aa92f60
✔ skipped branch son_files_5f3238da
✔ skipped branch son_files_695f7146
✔ skipped branch son_files_514e6be7
✔ skipped branch son_files_591d9ee7
✔ skipped branch son_files_c4a5a1e6
✔ skipped branch son_files_27f813cf
✔ skipped branch son_files_bddb3b07
✔ skipped branch son_files_d48240b7
✔ skipped branch son_files_7609d9d2
✔ skipped branch son_files_f4034cf8
✔ skipped branch son_files_29033d45
✔ skipped branch son_files_a3cf34f1
✔ skipped branch son_files_1887be3e
✔ skipped branch son_files_51c31c43
✔ skipped branch son_files_68c67a4b
✔ skipped branch son_files_006af9e2
✔ skipped branch son_files_51e1205a
✔ skipped branch son_files_c60bcdf8
✔ skipped branch son_files_77cd8f05
✔ skipped branch son_files_b85044d3
✔ skipped branch son_files_8b3ce618
✔ skipped branch son_files_39ce7d9b
✔ skipped branch son_files_01e51cce
✔ skipped branch son_files_e1b9620d
✔ skipped branch son_files_2f14f80b
✔ skipped branch son_files_77c91607
✔ skipped branch son_files_9fa6085e
✔ skipped branch son_files_51ef4f58
✔ skipped branch son_files_a99c1347
✔ skipped branch son_files_886e5c2b
✔ skipped branch son_files_d45fb761
✔ skipped branch son_files_39797934
✔ skipped branch son_files_2d8aab1d
✔ skipped branch son_files_210b1585
✔ skipped branch son_files_acb54855
✔ skipped branch son_files_0b8f401b
✔ skipped branch son_files_374cd72e
✔ skipped branch son_files_042d678d
✔ skipped branch son_files_f0734681
✔ skipped branch son_files_60d758a7
✔ skipped branch son_files_b5b98762
✔ skipped branch son_files_cde963fa
✔ skipped branch son_files_a3acde77
✔ skipped branch son_files_3a91bcc4
✔ skipped branch son_files_0d5fc725
✔ skipped branch son_files_aac07fc1
✔ skipped branch son_files_7160fce7
✔ skipped branch son_files_721c313c
✔ skipped branch son_files_637b3b40
✔ skipped branch son_files_5e10f842
✔ skipped branch son_files_4155f9a5
✔ skipped branch son_files_ad32f53b
✔ skipped branch son_files_b31bb8e1
✔ skipped branch son_files_9d62e9b8
✔ skipped branch son_files_fcc3790d
✔ skipped branch son_files_663d448e
✔ skipped branch son_files_816904aa
✔ skipped branch son_files_486a50a7
✔ skipped branch son_files_48b77a44
✔ skipped branch son_files_b4196706
✔ skipped branch son_files_255b6829
✔ skipped branch son_files_371065f4
✔ skipped branch son_files_42d9c3e7
✔ skipped branch son_files_8a4c196c
✔ skipped branch son_files_c88f00d5
✔ skipped branch son_files_7a7abcca
✔ skipped branch son_files_274a3bf5
✔ skipped branch son_files_b46f7b79
✔ skipped branch son_files_601a2a15
✔ skipped branch son_files_2d2dd43c
✔ skipped branch son_files_2d1b667d
✔ skipped branch son_files_abca90b5
✔ skipped branch son_files_9cf74eae
✔ skipped branch son_files_5ea5a77a
✔ skipped pattern son_files
✔ skipped target simulaciones
✔ skipped target enso_cmip
✔ skipped target sam
✔ skipped target ref_era5
✔ skipped target sst
✔ skipped target sst_regr_era5
✔ skipped target ceof_cmip
✔ skipped target ceofs
✔ skipped target ceof_fiels
✔ skipped target ceof_largo_p
✔ skipped branch sh_files_4215a338
✔ skipped branch sh_files_12bddf77
✔ skipped branch sh_files_082fbace
✔ skipped branch sh_files_d30650be
✔ skipped branch sh_files_26890ce1
✔ skipped branch sh_files_99b21c81
✔ skipped branch sh_files_5f2f8272
✔ skipped branch sh_files_f335ce8d
✔ skipped branch sh_files_ed8da478
✔ skipped branch sh_files_788296b8
✔ skipped branch sh_files_d7ced70b
✔ skipped branch sh_files_151c72fb
✔ skipped branch sh_files_cfc8cc53
✔ skipped branch sh_files_2bd5947a
✔ skipped branch sh_files_1015bdfe
✔ skipped branch sh_files_daf42d5c
✔ skipped branch sh_files_52cef96e
✔ skipped branch sh_files_e3914730
✔ skipped branch sh_files_ed026ab7
✔ skipped branch sh_files_250f3a2d
✔ skipped branch sh_files_93973340
✔ skipped branch sh_files_090c0866
✔ skipped branch sh_files_a16a3b26
✔ skipped branch sh_files_8963fe54
✔ skipped branch sh_files_4ee19208
✔ skipped branch sh_files_abb438d2
✔ skipped branch sh_files_f4b766a6
✔ skipped branch sh_files_16daf90a
✔ skipped branch sh_files_80219259
✔ skipped branch sh_files_267a2629
✔ skipped branch sh_files_3a24075c
✔ skipped branch sh_files_dd36418a
✔ skipped branch sh_files_a377d262
✔ skipped branch sh_files_d8e91ebe
✔ skipped branch sh_files_4aad6963
✔ skipped branch sh_files_50a4902d
✔ skipped branch sh_files_98033134
✔ skipped branch sh_files_ac71610e
✔ skipped branch sh_files_f81bdaeb
✔ skipped branch sh_files_d1586310
✔ skipped branch sh_files_4ac2f224
✔ skipped branch sh_files_599390ae
✔ skipped branch sh_files_f657e3b6
✔ skipped branch sh_files_371abbe4
✔ skipped branch sh_files_64378e54
✔ skipped branch sh_files_efc3df53
✔ skipped branch sh_files_33de2c9c
✔ skipped branch sh_files_e91103d9
✔ skipped branch sh_files_fb24d296
✔ skipped branch sh_files_1f04f35d
✔ skipped branch sh_files_4ddcc46e
✔ skipped branch sh_files_4785b5db
✔ skipped branch sh_files_a4633be7
✔ skipped branch sh_files_4e909234
✔ skipped branch sh_files_a7d8e47f
✔ skipped branch sh_files_6cb28c0a
✔ skipped branch sh_files_b0b9087e
✔ skipped branch sh_files_8e82b2a8
✔ skipped branch sh_files_c7cce20b
✔ skipped branch sh_files_0f9f2865
✔ skipped branch sh_files_0ca73786
✔ skipped branch sh_files_d9f592af
✔ skipped branch sh_files_a636af1a
✔ skipped branch sh_files_854ae1b6
✔ skipped branch sh_files_194388a1
✔ skipped branch sh_files_7b198cbd
✔ skipped branch sh_files_b81359a7
✔ skipped branch sh_files_d89435a7
✔ skipped branch sh_files_5df71692
✔ skipped branch sh_files_2cec8dfd
✔ skipped branch sh_files_ca9db6a4
✔ skipped branch sh_files_83421ac5
✔ skipped branch sh_files_920f11e6
✔ skipped branch sh_files_1ade6f82
✔ skipped branch sh_files_2f6d2b13
✔ skipped branch sh_files_a03f22bf
✔ skipped branch sh_files_8d88a0e7
✔ skipped branch sh_files_cf587796
✔ skipped branch sh_files_d57bae90
✔ skipped branch sh_files_4ff05bef
✔ skipped branch sh_files_0c405da9
✔ skipped branch sh_files_7a5f7793
✔ skipped branch sh_files_20630456
✔ skipped branch sh_files_5028c2aa
✔ skipped branch sh_files_f4484809
✔ skipped branch sh_files_2bbb3e94
✔ skipped branch sh_files_ea4e59d3
✔ skipped branch sh_files_6989bf61
✔ skipped branch sh_files_151dd2fa
✔ skipped branch sh_files_be8b66e1
✔ skipped branch sh_files_a4ff32c0
✔ skipped branch sh_files_d684e971
✔ skipped branch sh_files_eceda963
✔ skipped branch sh_files_c25e9ed1
✔ skipped branch sh_files_8de33e91
✔ skipped branch sh_files_f5cfea54
✔ skipped branch sh_files_6f3fc951
✔ skipped branch sh_files_a8bca891
✔ skipped branch sh_files_532ae4bd
✔ skipped branch sh_files_ecdb9ea1
✔ skipped branch sh_files_6b65acd1
✔ skipped branch sh_files_3ec440df
✔ skipped branch sh_files_1d999f7f
✔ skipped branch sh_files_2d6b173e
✔ skipped branch sh_files_f31f1bfc
✔ skipped branch sh_files_0f09c49f
✔ skipped branch sh_files_e6c79d6d
✔ skipped branch sh_files_20511391
✔ skipped branch sh_files_95a73b92
✔ skipped branch sh_files_ff39df73
✔ skipped branch sh_files_aae6bd76
✔ skipped branch sh_files_d730cb63
✔ skipped branch sh_files_6e038382
✔ skipped branch sh_files_7b2e5052
✔ skipped branch sh_files_74d651e9
✔ skipped branch sh_files_8cf0135d
✔ skipped branch sh_files_c9a75b9a
✔ skipped branch sh_files_af5069aa
✔ skipped branch sh_files_c887a753
✔ skipped branch sh_files_8ddd9675
✔ skipped branch sh_files_45bdc77b
✔ skipped branch sh_files_fb6864bb
✔ skipped branch sh_files_d78f28c4
✔ skipped branch sh_files_d9be3b2e
✔ skipped branch sh_files_f53a1d7f
✔ skipped branch sh_files_9ca0f6f0
✔ skipped branch sh_files_81233553
✔ skipped branch sh_files_6bb532b8
✔ skipped branch sh_files_57a61caa
✔ skipped branch sh_files_7a5ca04e
✔ skipped branch sh_files_dfbee28d
✔ skipped branch sh_files_61efdad4
✔ skipped branch sh_files_57a5630b
✔ skipped branch sh_files_eaa62868
✔ skipped branch sh_files_07efdaf7
✔ skipped branch sh_files_d3c5b55a
✔ skipped branch sh_files_1ecf4ad8
✔ skipped branch sh_files_c127bd7e
✔ skipped branch sh_files_b86cfc7b
✔ skipped branch sh_files_60e0e851
✔ skipped branch sh_files_2ac02f70
✔ skipped branch sh_files_41d6cfc2
✔ skipped branch sh_files_cca6e1df
✔ skipped branch sh_files_56a34871
✔ skipped branch sh_files_68b9d38d
✔ skipped branch sh_files_3b4767eb
✔ skipped branch sh_files_4c56ee13
✔ skipped branch sh_files_9c37100a
✔ skipped branch sh_files_d7cbf5b4
✔ skipped branch sh_files_974287ec
✔ skipped branch sh_files_0a1d8b2e
✔ skipped branch sh_files_053dbf62
✔ skipped branch sh_files_6773fc2d
✔ skipped branch sh_files_45150677
✔ skipped branch sh_files_811c92be
✔ skipped branch sh_files_519b562d
✔ skipped branch sh_files_14a4bd75
✔ skipped branch sh_files_6f1ad63a
✔ skipped branch sh_files_b5008f45
✔ skipped branch sh_files_d427441f
✔ skipped branch sh_files_fb4dadd0
✔ skipped branch sh_files_a850c4c8
✔ skipped branch sh_files_776fac15
✔ skipped branch sh_files_e6d853a3
✔ skipped branch sh_files_0c78dcff
✔ skipped branch sh_files_2104c7c7
✔ skipped branch sh_files_687e85d7
✔ skipped branch sh_files_90805b8d
✔ skipped branch sh_files_b063b9eb
✔ skipped branch sh_files_090f8b0b
✔ skipped branch sh_files_ac3d61ad
✔ skipped branch sh_files_8fd610d7
✔ skipped branch sh_files_d9cd2c5f
✔ skipped branch sh_files_aa1d40a3
✔ skipped branch sh_files_5735b549
✔ skipped branch sh_files_f745ad64
✔ skipped branch sh_files_584f3cc0
✔ skipped branch sh_files_b9c016bd
✔ skipped branch sh_files_12203677
✔ skipped branch sh_files_7599ba11
✔ skipped branch sh_files_f2d56024
✔ skipped branch sh_files_ed0417f1
✔ skipped branch sh_files_fca66ff5
✔ skipped branch sh_files_6461b1d8
✔ skipped branch sh_files_18abcdce
✔ skipped branch sh_files_6342407c
✔ skipped branch sh_files_56c7ed8d
✔ skipped branch sh_files_16a4b3f3
✔ skipped branch sh_files_154f4d3a
✔ skipped branch sh_files_05921445
✔ skipped branch sh_files_5fc0acef
✔ skipped branch sh_files_0df3ac9c
✔ skipped branch sh_files_5bae2f40
✔ skipped branch sh_files_c82b0f79
✔ skipped branch sh_files_886f3a9a
✔ skipped branch sh_files_b0e867d2
✔ skipped branch sh_files_e7e05caa
✔ skipped branch sh_files_2bcfbbab
✔ skipped branch sh_files_0cfd2941
✔ skipped branch sh_files_59830f8b
✔ skipped branch sh_files_2dfdc4e5
✔ skipped branch sh_files_a6c011c1
✔ skipped branch sh_files_366c30df
✔ skipped branch sh_files_3c5d50fb
✔ skipped branch sh_files_bb1eaf62
✔ skipped branch sh_files_c5a36832
✔ skipped branch sh_files_0ae832f8
✔ skipped branch sh_files_d19e763c
✔ skipped branch sh_files_e0f7c1cd
✔ skipped branch sh_files_97ec2bcb
✔ skipped branch sh_files_d8ff96a8
✔ skipped branch sh_files_f18ce3cc
✔ skipped branch sh_files_0cb8d0f3
✔ skipped branch sh_files_9cdbbcb3
✔ skipped branch sh_files_c5cd8f8a
✔ skipped branch sh_files_5d3f5268
✔ skipped branch sh_files_1e60c667
✔ skipped branch sh_files_8fe61743
✔ skipped branch sh_files_6a5062b3
✔ skipped branch sh_files_c6701510
✔ skipped branch sh_files_812fc4f3
✔ skipped branch sh_files_61c4312e
✔ skipped branch sh_files_bec1e50e
✔ skipped branch sh_files_1ecc3840
✔ skipped branch sh_files_ed7dd2b2
✔ skipped branch sh_files_811b3aa3
✔ skipped branch sh_files_0ff9df01
✔ skipped branch sh_files_4e116b5b
✔ skipped branch sh_files_62f86843
✔ skipped branch sh_files_b037731d
✔ skipped branch sh_files_9bdb3886
✔ skipped branch sh_files_5432dca1
✔ skipped branch sh_files_4f3e286f
✔ skipped branch sh_files_ece1c1e2
✔ skipped branch sh_files_c1088f19
✔ skipped branch sh_files_720762d3
✔ skipped branch sh_files_f05a61cf
✔ skipped branch sh_files_0dc5a562
✔ skipped branch sh_files_573b7fe7
✔ skipped branch sh_files_c7a35759
✔ skipped branch sh_files_b4a26dda
✔ skipped branch sh_files_ed5a0521
✔ skipped branch sh_files_e72a9239
✔ skipped branch sh_files_2e456fdc
✔ skipped branch sh_files_8b8ce71f
✔ skipped branch sh_files_3791f461
✔ skipped branch sh_files_cf5a92be
✔ skipped branch sh_files_418498c4
✔ skipped branch sh_files_21807d70
✔ skipped branch sh_files_d0529ce3
✔ skipped branch sh_files_41c9731a
✔ skipped branch sh_files_7a340de4
✔ skipped branch sh_files_05e7589f
✔ skipped branch sh_files_54981d03
✔ skipped branch sh_files_1581dd2f
✔ skipped branch sh_files_aa85adb3
✔ skipped branch sh_files_77bfdfe7
✔ skipped branch sh_files_a736c997
✔ skipped branch sh_files_6882438f
✔ skipped branch sh_files_e79594ec
✔ skipped branch sh_files_0cb650b8
✔ skipped branch sh_files_55c528fe
✔ skipped branch sh_files_28a976d8
✔ skipped branch sh_files_b63b7838
✔ skipped branch sh_files_6057efac
✔ skipped branch sh_files_9a0ae128
✔ skipped branch sh_files_8967742a
✔ skipped branch sh_files_fd170137
✔ skipped branch sh_files_15513e70
✔ skipped branch sh_files_6818000d
✔ skipped branch sh_files_b848de40
✔ skipped branch sh_files_169301f8
✔ skipped branch sh_files_e42768ca
✔ skipped branch sh_files_46478635
✔ skipped branch sh_files_bbc756a3
✔ skipped branch sh_files_454cbf56
✔ skipped branch sh_files_3ae5e3e7
✔ skipped branch sh_files_90e597bf
✔ skipped branch sh_files_d899fe5c
✔ skipped branch sh_files_c37ee689
✔ skipped branch sh_files_a2be9e18
✔ skipped branch sh_files_d4ad5463
✔ skipped branch sh_files_de8d182d
✔ skipped branch sh_files_1eedf205
✔ skipped branch sh_files_20d27519
✔ skipped branch sh_files_0466d515
✔ skipped branch sh_files_5ad2e5bf
✔ skipped branch sh_files_bec5bc95
✔ skipped branch sh_files_f7d7d19f
✔ skipped branch sh_files_19ffe432
✔ skipped branch sh_files_65ccca7d
✔ skipped branch sh_files_34d7dbe5
✔ skipped branch sh_files_6def6022
✔ skipped branch sh_files_71003573
✔ skipped branch sh_files_c3047a53
✔ skipped branch sh_files_ee339212
✔ skipped branch sh_files_e5410b13
✔ skipped branch sh_files_ddaebec7
✔ skipped branch sh_files_e6e84784
✔ skipped branch sh_files_4e3aff78
✔ skipped branch sh_files_738482c4
✔ skipped branch sh_files_44afdd02
✔ skipped branch sh_files_c91d6afa
✔ skipped branch sh_files_02b2f296
✔ skipped branch sh_files_e129ebac
✔ skipped branch sh_files_5d71aa8b
✔ skipped branch sh_files_9f6f5954
✔ skipped branch sh_files_5189e081
✔ skipped branch sh_files_f85a8803
✔ skipped branch sh_files_857bb518
✔ skipped branch sh_files_bd4dfd62
✔ skipped branch sh_files_4f2934bb
✔ skipped branch sh_files_8b192248
✔ skipped branch sh_files_52861745
✔ skipped branch sh_files_5824d233
✔ skipped branch sh_files_04f30f3f
✔ skipped branch sh_files_4519cfb5
✔ skipped branch sh_files_5b08e6e0
✔ skipped branch sh_files_23756809
✔ skipped branch sh_files_dd2dd97f
✔ skipped branch sh_files_80c5f343
✔ skipped branch sh_files_0c483716
✔ skipped branch sh_files_6986dc6a
✔ skipped branch sh_files_2f991369
✔ skipped branch sh_files_94fdeb68
✔ skipped branch sh_files_7a9b3628
✔ skipped branch sh_files_5462939f
✔ skipped branch sh_files_2e8360b8
✔ skipped branch sh_files_29f16cbb
✔ skipped branch sh_files_4d676499
✔ skipped branch sh_files_3060d37a
✔ skipped branch sh_files_1ff5be13
✔ skipped branch sh_files_9ea8e7fe
✔ skipped branch sh_files_46d15a6b
✔ skipped branch sh_files_aa03a583
✔ skipped branch sh_files_c87315af
✔ skipped branch sh_files_c2969c8b
✔ skipped branch sh_files_61dc02ef
✔ skipped branch sh_files_84c89361
✔ skipped branch sh_files_3f5c592d
✔ skipped branch sh_files_d847a1fd
✔ skipped branch sh_files_377baf2a
✔ skipped branch sh_files_e699ba37
✔ skipped branch sh_files_d5ecf747
✔ skipped branch sh_files_e53b7c43
✔ skipped branch sh_files_ad58d359
✔ skipped branch sh_files_f354628b
✔ skipped branch sh_files_d6eeb20e
✔ skipped branch sh_files_7ff2761b
✔ skipped branch sh_files_ec259ef7
✔ skipped branch sh_files_e6f14569
✔ skipped branch sh_files_fc874465
✔ skipped branch sh_files_7d9fe18a
✔ skipped branch sh_files_fe2e5639
✔ skipped branch sh_files_26395c6d
✔ skipped branch sh_files_d4f8e481
✔ skipped branch sh_files_3c402922
✔ skipped branch sh_files_25917439
✔ skipped branch sh_files_3f6ffe31
✔ skipped branch sh_files_9e2b58d4
✔ skipped branch sh_files_21a02e79
✔ skipped branch sh_files_b5b1c5af
✔ skipped branch sh_files_55a022aa
✔ skipped branch sh_files_2c05d57b
✔ skipped branch sh_files_41c27b6b
✔ skipped branch sh_files_ae01fe87
✔ skipped branch sh_files_d3a124dd
✔ skipped branch sh_files_3fa406c0
✔ skipped branch sh_files_daa1ca63
✔ skipped branch sh_files_00ab7f54
✔ skipped branch sh_files_2a17eb96
✔ skipped branch sh_files_ccec75bd
✔ skipped branch sh_files_109adae3
✔ skipped branch sh_files_da1cedfe
✔ skipped branch sh_files_29a238e4
✔ skipped branch sh_files_2e16650a
✔ skipped branch sh_files_25421d51
✔ skipped branch sh_files_b358869f
✔ skipped branch sh_files_07d5175c
✔ skipped branch sh_files_9d120826
✔ skipped branch sh_files_b032c1f3
✔ skipped branch sh_files_ab2a6f98
✔ skipped branch sh_files_24507b4b
✔ skipped branch sh_files_0bc7d1a2
✔ skipped branch sh_files_a9eecc76
✔ skipped branch sh_files_58571566
✔ skipped branch sh_files_4e892690
✔ skipped branch sh_files_c160276d
✔ skipped branch sh_files_1bb19846
✔ skipped branch sh_files_d945557e
✔ skipped branch sh_files_dbb5de4d
✔ skipped branch sh_files_b4581683
✔ skipped branch sh_files_085a5d15
✔ skipped branch sh_files_ba2d9915
✔ skipped branch sh_files_a6c53261
✔ skipped branch sh_files_58dae5a8
✔ skipped branch sh_files_55cd4fc0
✔ skipped branch sh_files_0940968b
✔ skipped branch sh_files_522da647
✔ skipped branch sh_files_ef6b27c5
✔ skipped branch sh_files_f525dccb
✔ skipped branch sh_files_e20fab7c
✔ skipped branch sh_files_f4edf4d8
✔ skipped branch sh_files_fc21d01d
✔ skipped branch sh_files_2c27d1af
✔ skipped branch sh_files_6d902adb
✔ skipped branch sh_files_a4ddb639
✔ skipped branch sh_files_b7853e8c
✔ skipped branch sh_files_a4cfbcf7
✔ skipped branch sh_files_fee332e3
✔ skipped branch sh_files_0f82f43a
✔ skipped branch sh_files_1798bb21
✔ skipped branch sh_files_3ae68d86
✔ skipped branch sh_files_599c653f
✔ skipped branch sh_files_80e736b7
✔ skipped branch sh_files_60d5c575
✔ skipped branch sh_files_6bff979a
✔ skipped branch sh_files_f476f202
✔ skipped branch sh_files_2465d4ba
✔ skipped branch sh_files_14a3b53b
✔ skipped branch sh_files_5e559bc4
✔ skipped branch sh_files_012619c8
✔ skipped branch sh_files_f8e10629
✔ skipped branch sh_files_5a8cf0a5
✔ skipped branch sh_files_0652b003
✔ skipped branch sh_files_2c69f42b
✔ skipped branch sh_files_7484ca34
✔ skipped branch sh_files_5ec3d9d1
✔ skipped branch sh_files_b3ce9054
✔ skipped branch sh_files_c46e33aa
✔ skipped branch sh_files_c62a7d69
✔ skipped branch sh_files_e62e05cb
✔ skipped branch sh_files_eb4c2e42
✔ skipped branch sh_files_6d8ca0ca
✔ skipped branch sh_files_dc9bfeff
✔ skipped branch sh_files_6e6b5170
✔ skipped branch sh_files_ff95dee1
✔ skipped branch sh_files_3034493a
✔ skipped branch sh_files_23c04dcf
✔ skipped branch sh_files_c8be0c6f
✔ skipped branch sh_files_a731231c
✔ skipped branch sh_files_f0e48b28
✔ skipped branch sh_files_99a67e1a
✔ skipped branch sh_files_9c2bbcc0
✔ skipped branch sh_files_4a8792ae
✔ skipped branch sh_files_ebdde32b
✔ skipped branch sh_files_5617d8ca
✔ skipped branch sh_files_2771128a
✔ skipped branch sh_files_8ec77651
✔ skipped branch sh_files_37cc5dec
✔ skipped branch sh_files_8d56e158
✔ skipped branch sh_files_0b5a7adc
✔ skipped branch sh_files_7169deb0
✔ skipped branch sh_files_e2c28def
✔ skipped branch sh_files_1bb77f14
✔ skipped branch sh_files_dd2f0eb9
✔ skipped branch sh_files_277e49fd
✔ skipped branch sh_files_d564f266
✔ skipped branch sh_files_fd64fcd3
✔ skipped branch sh_files_6cfe6481
✔ skipped branch sh_files_d3bc37bd
✔ skipped branch sh_files_e44ae846
✔ skipped branch sh_files_f5cf0820
✔ skipped branch sh_files_1db53c1c
✔ skipped branch sh_files_d1ec8191
✔ skipped branch sh_files_5651934b
✔ skipped branch sh_files_c2b98d60
✔ skipped branch sh_files_87c232cc
✔ skipped branch sh_files_8cdf9628
✔ skipped branch sh_files_86f760b3
✔ skipped branch sh_files_064e6a67
✔ skipped branch sh_files_fec4c89f
✔ skipped branch sh_files_8159db27
✔ skipped branch sh_files_7d439b38
✔ skipped branch sh_files_76a25015
✔ skipped branch sh_files_25c366e6
✔ skipped branch sh_files_90a121b7
✔ skipped branch sh_files_44e26c9c
✔ skipped branch sh_files_9421de3a
✔ skipped branch sh_files_b031afeb
✔ skipped branch sh_files_cf0690b5
✔ skipped branch sh_files_748e9912
✔ skipped branch sh_files_664b01d6
✔ skipped branch sh_files_20152273
✔ skipped branch sh_files_3ee38d0b
✔ skipped branch sh_files_f51151c2
✔ skipped branch sh_files_54e39c81
✔ skipped branch sh_files_a795e82c
✔ skipped branch sh_files_e14cf490
✔ skipped branch sh_files_010df80a
✔ skipped branch sh_files_3cc8891e
✔ skipped branch sh_files_1d40cc12
✔ skipped branch sh_files_ffbfb005
✔ skipped branch sh_files_1ec55e66
✔ skipped branch sh_files_92c1d1a2
✔ skipped branch sh_files_73a83b4c
✔ skipped branch sh_files_259bb8c0
✔ skipped branch sh_files_56ca8083
✔ skipped branch sh_files_eb9acaf2
✔ skipped branch sh_files_c8ae8deb
✔ skipped branch sh_files_6b1570c7
✔ skipped branch sh_files_6c5f18fb
✔ skipped branch sh_files_94c5d8ca
✔ skipped branch sh_files_6a16f309
✔ skipped branch sh_files_c7002ce6
✔ skipped branch sh_files_2dd3529a
✔ skipped branch sh_files_f620f1f8
✔ skipped branch sh_files_ac97202d
✔ skipped branch sh_files_27253c26
✔ skipped branch sh_files_ad434cdc
✔ skipped branch sh_files_716c317c
✔ skipped branch sh_files_402a15f6
✔ skipped branch sh_files_2b9d42cd
✔ skipped branch sh_files_bf7df445
✔ skipped branch sh_files_b16c2b09
✔ skipped branch sh_files_e35082d4
✔ skipped branch sh_files_bc722e4f
✔ skipped branch sh_files_21f85d96
✔ skipped branch sh_files_365d24bb
✔ skipped branch sh_files_4cc9648f
✔ skipped branch sh_files_35cb99cb
✔ skipped branch sh_files_3359d6bf
✔ skipped branch sh_files_dd0dc3ef
✔ skipped branch sh_files_54839136
✔ skipped branch sh_files_8ee2f619
✔ skipped branch sh_files_3cfdbfc0
✔ skipped branch sh_files_77166fe4
✔ skipped branch sh_files_c6469740
✔ skipped branch sh_files_507ffaf0
✔ skipped branch sh_files_6c1a6738
✔ skipped branch sh_files_cef4b59b
✔ skipped branch sh_files_afb7e33b
✔ skipped branch sh_files_01535dad
✔ skipped branch sh_files_838d4223
✔ skipped branch sh_files_f3b36576
✔ skipped branch sh_files_ff35c403
✔ skipped branch sh_files_621852e9
✔ skipped branch sh_files_aa3060ee
✔ skipped branch sh_files_1bec890f
✔ skipped branch sh_files_daffb9e0
✔ skipped branch sh_files_98ae8dd0
✔ skipped branch sh_files_513d3ddb
✔ skipped branch sh_files_61bb6d88
✔ skipped branch sh_files_91690fa2
✔ skipped branch sh_files_f3af1d12
✔ skipped branch sh_files_7796599b
✔ skipped branch sh_files_4b44fa17
✔ skipped branch sh_files_f221eafa
✔ skipped branch sh_files_44c4dc6c
✔ skipped branch sh_files_50a5934b
✔ skipped branch sh_files_facb2ec0
✔ skipped branch sh_files_7b978e0a
✔ skipped branch sh_files_2961e8a2
✔ skipped branch sh_files_3a02d9b1
✔ skipped branch sh_files_0ffb6b29
✔ skipped branch sh_files_935ce06b
✔ skipped branch sh_files_9e015226
✔ skipped branch sh_files_a4369585
✔ skipped branch sh_files_29265cfd
✔ skipped branch sh_files_4a505135
✔ skipped branch sh_files_73add0ca
✔ skipped branch sh_files_a1abada7
✔ skipped branch sh_files_f6365f89
✔ skipped branch sh_files_baf68c70
✔ skipped branch sh_files_696b0a74
✔ skipped branch sh_files_b9fd309b
✔ skipped branch sh_files_41b48be0
✔ skipped branch sh_files_1f11324a
✔ skipped branch sh_files_c1035225
✔ skipped branch sh_files_e29efbb2
✔ skipped branch sh_files_cde56f72
✔ skipped branch sh_files_1ba31a44
✔ skipped branch sh_files_874631cd
✔ skipped branch sh_files_58be567f
✔ skipped branch sh_files_ed9d4027
✔ skipped branch sh_files_ae6bfaff
✔ skipped branch sh_files_cf620112
✔ skipped branch sh_files_02cafaa6
✔ skipped branch sh_files_2bd96ff3
✔ skipped branch sh_files_17e13b88
✔ skipped branch sh_files_ab38fca8
✔ skipped branch sh_files_5341fc8b
✔ skipped branch sh_files_a421c5b0
✔ skipped branch sh_files_aba0aa0e
✔ skipped branch sh_files_52e5cdae
✔ skipped branch sh_files_b112ac52
✔ skipped branch sh_files_562995b9
✔ skipped branch sh_files_106965d5
✔ skipped branch sh_files_ae2473fb
✔ skipped branch sh_files_0d613e49
✔ skipped branch sh_files_99fdbe05
✔ skipped branch sh_files_b548ffd6
✔ skipped branch sh_files_190b3f39
✔ skipped branch sh_files_94b5b70f
✔ skipped branch sh_files_fd9aa3f3
✔ skipped branch sh_files_2f25f612
✔ skipped branch sh_files_f16d5ff2
✔ skipped branch sh_files_9f17ff2a
✔ skipped branch sh_files_6bcbb8c5
✔ skipped branch sh_files_2c5d41b0
✔ skipped branch sh_files_e8df9bdb
✔ skipped branch sh_files_38aba2bb
✔ skipped branch sh_files_49eed097
✔ skipped branch sh_files_26de657e
✔ skipped branch sh_files_9a6436b6
✔ skipped branch sh_files_fa904221
✔ skipped branch sh_files_fca23864
✔ skipped branch sh_files_37866846
✔ skipped branch sh_files_fbbbe6fd
✔ skipped branch sh_files_54228fc6
✔ skipped branch sh_files_b42050c1
✔ skipped branch sh_files_533c2997
✔ skipped branch sh_files_9179de2f
✔ skipped branch sh_files_5f20fb42
✔ skipped branch sh_files_2d4ed24c
✔ skipped branch sh_files_f1220723
✔ skipped branch sh_files_394c5bc3
✔ skipped branch sh_files_22a9e141
✔ skipped branch sh_files_71ba9e2c
✔ skipped branch sh_files_49d1aa74
✔ skipped branch sh_files_39cc98c8
✔ skipped branch sh_files_14111119
✔ skipped branch sh_files_ee9494fe
✔ skipped branch sh_files_f957e222
✔ skipped branch sh_files_80089532
✔ skipped branch sh_files_47aed3f1
✔ skipped branch sh_files_b7dbdbc6
✔ skipped branch sh_files_ee7dce05
✔ skipped branch sh_files_cd95539b
✔ skipped branch sh_files_3ef9c1ec
✔ skipped branch sh_files_c29e9893
✔ skipped branch sh_files_2fdd3032
✔ skipped branch sh_files_87a2f3bc
✔ skipped branch sh_files_4ca2e2c0
✔ skipped branch sh_files_f621bdbd
✔ skipped branch sh_files_8914e9db
✔ skipped branch sh_files_93b76b0f
✔ skipped branch sh_files_c5dc1847
✔ skipped branch sh_files_65191f70
✔ skipped branch sh_files_dc0afa5a
✔ skipped branch sh_files_77fbc629
✔ skipped branch sh_files_f9ac782f
✔ skipped branch sh_files_4494c9c5
✔ skipped branch sh_files_1712c4b9
✔ skipped branch sh_files_95725b42
✔ skipped branch sh_files_d7f0ef31
✔ skipped branch sh_files_e2c116ed
✔ skipped branch sh_files_34ff13da
✔ skipped branch sh_files_230767b3
✔ skipped branch sh_files_929b963f
✔ skipped branch sh_files_fb669ef7
✔ skipped branch sh_files_62ec8f05
✔ skipped branch sh_files_e57a418b
✔ skipped branch sh_files_8e0c4a25
✔ skipped branch sh_files_6cdf9b3e
✔ skipped branch sh_files_d7e9f57d
✔ skipped branch sh_files_2cc14ce6
✔ skipped branch sh_files_9085bf5e
✔ skipped branch sh_files_fafc11a8
✔ skipped branch sh_files_4710ff92
✔ skipped branch sh_files_9bcc7996
✔ skipped branch sh_files_8d8de102
✔ skipped branch sh_files_ab3df16e
✔ skipped branch sh_files_a99e1e1e
✔ skipped branch sh_files_91f8ee97
✔ skipped branch sh_files_c0b67538
✔ skipped branch sh_files_8b37080e
✔ skipped branch sh_files_965f4195
✔ skipped branch sh_files_ee842ba6
✔ skipped branch sh_files_471f5058
✔ skipped branch sh_files_02dcc64d
✔ skipped branch sh_files_d471add0
✔ skipped branch sh_files_27f240ab
✔ skipped branch sh_files_75147f25
✔ skipped branch sh_files_c043402f
✔ skipped branch sh_files_4fb8d4d6
✔ skipped branch sh_files_aa1ef7e8
✔ skipped branch sh_files_cf9f5ac9
✔ skipped branch sh_files_8b41c6bf
✔ skipped branch sh_files_6dfee5a9
✔ skipped branch sh_files_3125bdf5
✔ skipped branch sh_files_4fbda8d5
✔ skipped branch sh_files_194dff43
✔ skipped branch sh_files_af41c753
✔ skipped branch sh_files_7bc65e05
✔ skipped branch sh_files_e535fe99
✔ skipped branch sh_files_58673e7a
✔ skipped branch sh_files_d6b3fd5e
✔ skipped branch sh_files_64e5e621
✔ skipped branch sh_files_4ef80fdc
✔ skipped branch sh_files_e0594397
✔ skipped branch sh_files_78112971
✔ skipped branch sh_files_2c686715
✔ skipped branch sh_files_d34816bc
✔ skipped branch sh_files_19b3a93b
✔ skipped branch sh_files_72e34b51
✔ skipped branch sh_files_5451894b
✔ skipped branch sh_files_71a1b4df
✔ skipped branch sh_files_491c6230
✔ skipped branch sh_files_65e87e1c
✔ skipped branch sh_files_d28fc00d
✔ skipped branch sh_files_e1e6485b
✔ skipped branch sh_files_cdc06375
✔ skipped branch sh_files_4465d6d3
✔ skipped branch sh_files_5564b96d
✔ skipped branch sh_files_3b221bf3
✔ skipped branch sh_files_554d9b76
✔ skipped branch sh_files_6602eac4
✔ skipped branch sh_files_a6602f4a
✔ skipped branch sh_files_59e3f464
✔ skipped branch sh_files_6f757227
✔ skipped branch sh_files_bbc4498d
✔ skipped branch sh_files_443a40a1
✔ skipped branch sh_files_3c00b0e3
✔ skipped branch sh_files_5edbdcc9
✔ skipped branch sh_files_7dd742b9
✔ skipped branch sh_files_d08bf2a4
✔ skipped branch sh_files_3b7824f2
✔ skipped branch sh_files_2ddf6298
✔ skipped branch sh_files_1050f3b7
✔ skipped branch sh_files_14fd1ffb
✔ skipped branch sh_files_8a5eff8e
✔ skipped branch sh_files_8543d530
✔ skipped branch sh_files_9aab8a35
✔ skipped branch sh_files_2887d294
✔ skipped branch sh_files_4eedc08c
✔ skipped branch sh_files_2ebcc344
✔ skipped branch sh_files_9a5b663b
✔ skipped branch sh_files_45c8d0dd
✔ skipped branch sh_files_fa49f137
✔ skipped branch sh_files_a5c4ea5d
✔ skipped branch sh_files_f1af629c
✔ skipped branch sh_files_9b184d78
✔ skipped branch sh_files_e4ac8848
✔ skipped branch sh_files_f0bae14e
✔ skipped branch sh_files_76f49cae
✔ skipped branch sh_files_0869c99d
✔ skipped branch sh_files_682896a5
✔ skipped branch sh_files_19b2e0fa
✔ skipped branch sh_files_ee8ea300
✔ skipped branch sh_files_6899a9e4
✔ skipped branch sh_files_ff904061
✔ skipped branch sh_files_dcd2cd13
✔ skipped branch sh_files_40c1fa44
✔ skipped branch sh_files_6b3fcc7f
✔ skipped branch sh_files_c1a7c77c
✔ skipped branch sh_files_149acf3c
✔ skipped branch sh_files_d1d8e466
✔ skipped branch sh_files_a2d7a780
✔ skipped branch sh_files_14065b58
✔ skipped branch sh_files_f92754fe
✔ skipped branch sh_files_07218648
✔ skipped branch sh_files_da6077d7
✔ skipped branch sh_files_9da78944
✔ skipped branch sh_files_58b62904
✔ skipped branch sh_files_9dac2b28
✔ skipped branch sh_files_f319f936
✔ skipped branch sh_files_d48df897
✔ skipped branch sh_files_b2d5ca68
✔ skipped branch sh_files_7060cf60
✔ skipped branch sh_files_4384d53c
✔ skipped branch sh_files_166b4404
✔ skipped branch sh_files_2d236642
✔ skipped branch sh_files_4ac83ef9
✔ skipped branch sh_files_a7283551
✔ skipped branch sh_files_355b0d1a
✔ skipped branch sh_files_44992d93
✔ skipped branch sh_files_7a1969fa
✔ skipped branch sh_files_d47474e8
✔ skipped branch sh_files_f86cc8ee
✔ skipped branch sh_files_6f6d1858
✔ skipped branch sh_files_f15af126
✔ skipped branch sh_files_2d93503c
✔ skipped branch sh_files_8d52e7af
✔ skipped branch sh_files_c4db5f23
✔ skipped branch sh_files_9b5b0e19
✔ skipped branch sh_files_16128867
✔ skipped branch sh_files_be761908
✔ skipped branch sh_files_2b9e874d
✔ skipped branch sh_files_50284164
✔ skipped branch sh_files_5033f2fc
✔ skipped branch sh_files_bef2bbe5
✔ skipped branch sh_files_bba58330
✔ skipped branch sh_files_81be064e
✔ skipped branch sh_files_94ab8311
✔ skipped branch sh_files_db340611
✔ skipped branch sh_files_9d0b0c0a
✔ skipped branch sh_files_cf72d1e7
✔ skipped branch sh_files_e0ea7deb
✔ skipped branch sh_files_611b10b8
✔ skipped branch sh_files_35218811
✔ skipped branch sh_files_72a631dd
✔ skipped branch sh_files_a2088524
✔ skipped branch sh_files_8a55d604
✔ skipped branch sh_files_0b052d36
✔ skipped branch sh_files_65b726c8
✔ skipped branch sh_files_da6a8733
✔ skipped branch sh_files_dd00865e
✔ skipped branch sh_files_0865f45e
✔ skipped branch sh_files_ff7d8453
✔ skipped branch sh_files_6775fd62
✔ skipped branch sh_files_8c8e2e63
✔ skipped branch sh_files_6dddb5a9
✔ skipped branch sh_files_97777c98
✔ skipped branch sh_files_dd74843f
✔ skipped branch sh_files_d34a16a3
✔ skipped branch sh_files_30cad9b0
✔ skipped branch sh_files_c6dfa8fa
✔ skipped branch sh_files_da8d74a1
✔ skipped branch sh_files_c7d4c72e
✔ skipped branch sh_files_058f81a7
✔ skipped branch sh_files_c93bb9a2
✔ skipped branch sh_files_3e843821
✔ skipped branch sh_files_ab90fb53
✔ skipped branch sh_files_eae506ff
✔ skipped branch sh_files_5dda456b
✔ skipped branch sh_files_61020694
✔ skipped branch sh_files_084843c1
✔ skipped branch sh_files_83d5def2
✔ skipped branch sh_files_017bc83a
✔ skipped branch sh_files_b92e9e6f
✔ skipped branch sh_files_5d46bafa
✔ skipped branch sh_files_a2bb3595
✔ skipped branch sh_files_39c1ea7f
✔ skipped branch sh_files_06509636
✔ skipped branch sh_files_b9814ca8
✔ skipped branch sh_files_0ec9ebfc
✔ skipped branch sh_files_ae444e58
✔ skipped branch sh_files_a69e3fd5
✔ skipped branch sh_files_2750f983
✔ skipped branch sh_files_dd202b26
✔ skipped branch sh_files_91195b08
✔ skipped branch sh_files_ef0e50dd
✔ skipped branch sh_files_15979712
✔ skipped branch sh_files_9bb81fc3
✔ skipped branch sh_files_99c39b1f
✔ skipped branch sh_files_680d0fcd
✔ skipped branch sh_files_72761247
✔ skipped branch sh_files_d61f77c1
✔ skipped branch sh_files_e8834122
✔ skipped branch sh_files_a410143b
✔ skipped branch sh_files_1d6a95d7
✔ skipped branch sh_files_e09dace9
✔ skipped branch sh_files_4afe3a90
✔ skipped branch sh_files_9ddf2385
✔ skipped branch sh_files_260dc096
✔ skipped branch sh_files_121bb379
✔ skipped branch sh_files_8a8af11d
✔ skipped branch sh_files_ff95e56f
✔ skipped branch sh_files_a4c8f70e
✔ skipped branch sh_files_5ac8f5eb
✔ skipped branch sh_files_fa004056
✔ skipped branch sh_files_e77facc9
✔ skipped branch sh_files_1ea34602
✔ skipped branch sh_files_5ec230da
✔ skipped branch sh_files_3f6d74ef
✔ skipped branch sh_files_3685325b
✔ skipped branch sh_files_974f8314
✔ skipped branch sh_files_19b6fa8a
✔ skipped branch sh_files_5358d712
✔ skipped branch sh_files_e72272af
✔ skipped branch sh_files_175fc78f
✔ skipped branch sh_files_4f5438bb
✔ skipped branch sh_files_0fb960a0
✔ skipped branch sh_files_ff084c3a
✔ skipped branch sh_files_08f97c18
✔ skipped branch sh_files_92c39ce4
✔ skipped branch sh_files_3e5ade53
✔ skipped branch sh_files_896ec588
✔ skipped branch sh_files_61dc288a
✔ skipped branch sh_files_9d2db81b
✔ skipped branch sh_files_e1de09fe
✔ skipped branch sh_files_1a0272f3
✔ skipped branch sh_files_8acb8451
✔ skipped branch sh_files_ffc6cb62
✔ skipped branch sh_files_584b49c6
✔ skipped branch sh_files_08e5c18f
✔ skipped branch sh_files_9610f53c
✔ skipped branch sh_files_56240f13
✔ skipped branch sh_files_c1c8d1a5
✔ skipped branch sh_files_9ff65d9f
✔ skipped branch sh_files_d1e2cd1d
✔ skipped branch sh_files_3bc097ee
✔ skipped branch sh_files_3a8ac1b6
✔ skipped branch sh_files_39d495e8
✔ skipped branch sh_files_844675ec
✔ skipped branch sh_files_d657e1d7
✔ skipped branch sh_files_434e1463
✔ skipped branch sh_files_d340a8c7
✔ skipped branch sh_files_39d8f8af
✔ skipped branch sh_files_d1b66acb
✔ skipped branch sh_files_1f2b76a9
✔ skipped branch sh_files_58d3f99b
✔ skipped branch sh_files_fac5a073
✔ skipped branch sh_files_f030b7bd
✔ skipped branch sh_files_65389367
✔ skipped branch sh_files_024b1472
✔ skipped branch sh_files_1d3e0e86
✔ skipped branch sh_files_c981e03d
✔ skipped branch sh_files_bde0faea
✔ skipped branch sh_files_d32b067c
✔ skipped branch sh_files_a17e295c
✔ skipped branch sh_files_8c25e2ba
✔ skipped branch sh_files_dca4a93e
✔ skipped branch sh_files_c700f713
✔ skipped branch sh_files_94fdfabe
✔ skipped branch sh_files_cdd2bf11
✔ skipped branch sh_files_d45337f2
✔ skipped branch sh_files_5a14a49e
✔ skipped branch sh_files_3d61e8e1
✔ skipped branch sh_files_07d601a2
✔ skipped branch sh_files_c0f49088
✔ skipped branch sh_files_b081b5b5
✔ skipped branch sh_files_15ce3d81
✔ skipped branch sh_files_6ed844b1
✔ skipped branch sh_files_63e8a887
✔ skipped branch sh_files_8c5557b9
✔ skipped branch sh_files_32b6ac3f
✔ skipped branch sh_files_c75953e6
✔ skipped branch sh_files_280d9381
✔ skipped branch sh_files_e945a0b4
✔ skipped branch sh_files_e573e4d3
✔ skipped branch sh_files_b2803808
✔ skipped branch sh_files_b3fe2cd9
✔ skipped branch sh_files_c9255bad
✔ skipped branch sh_files_54d106be
✔ skipped branch sh_files_809c450c
✔ skipped branch sh_files_107a11dc
✔ skipped branch sh_files_cba8a507
✔ skipped branch sh_files_310aa4cf
✔ skipped branch sh_files_9e334f98
✔ skipped branch sh_files_6faa82be
✔ skipped branch sh_files_d6a97dc1
✔ skipped branch sh_files_130e5dd2
✔ skipped branch sh_files_7cc869ac
✔ skipped branch sh_files_89c48156
✔ skipped branch sh_files_f90ba7c7
✔ skipped branch sh_files_0f5eb715
✔ skipped branch sh_files_96907cad
✔ skipped branch sh_files_6c5274b4
✔ skipped branch sh_files_73bee2fa
✔ skipped branch sh_files_3a377967
✔ skipped branch sh_files_2a8c17fd
✔ skipped branch sh_files_3edc2cab
✔ skipped branch sh_files_09058a7a
✔ skipped branch sh_files_063bd7eb
✔ skipped branch sh_files_962905c8
✔ skipped branch sh_files_dd16cc62
✔ skipped branch sh_files_4d627b0e
✔ skipped branch sh_files_cec66319
✔ skipped branch sh_files_c8b1ab4e
✔ skipped branch sh_files_de8e2b04
✔ skipped branch sh_files_0f5954a3
✔ skipped branch sh_files_d256d380
✔ skipped branch sh_files_73726ddf
✔ skipped branch sh_files_4e46e542
✔ skipped branch sh_files_66ea64f7
✔ skipped branch sh_files_a70ac20c
✔ skipped branch sh_files_c7235bff
✔ skipped branch sh_files_9c894bbf
✔ skipped branch sh_files_8efcf24e
✔ skipped branch sh_files_66d73d34
✔ skipped branch sh_files_c6cf6eb0
✔ skipped branch sh_files_5e8b423d
✔ skipped branch sh_files_b7cedbd4
✔ skipped branch sh_files_25882ce1
✔ skipped branch sh_files_9c194539
✔ skipped branch sh_files_900d5bf9
✔ skipped branch sh_files_af4dda5a
✔ skipped branch sh_files_1ecc12de
✔ skipped branch sh_files_45b4467c
✔ skipped branch sh_files_a52dd1ec
✔ skipped branch sh_files_255d0aab
✔ skipped branch sh_files_0ffa0d2c
✔ skipped branch sh_files_63bd3ee3
✔ skipped branch sh_files_dbaf9ac8
✔ skipped branch sh_files_a65a47d8
✔ skipped branch sh_files_769758a7
✔ skipped branch sh_files_5abec344
✔ skipped branch sh_files_2ecf316f
✔ skipped branch sh_files_c4c5604c
✔ skipped branch sh_files_cf52c846
✔ skipped branch sh_files_581bfb88
✔ skipped branch sh_files_f8eee1f5
✔ skipped branch sh_files_ec96cc56
✔ skipped branch sh_files_ac11315f
✔ skipped branch sh_files_7d6670f9
✔ skipped branch sh_files_e53fe8c7
✔ skipped branch sh_files_5fe079c5
✔ skipped branch sh_files_c1a6e1c9
✔ skipped branch sh_files_d28d997f
✔ skipped branch sh_files_5dac2952
✔ skipped branch sh_files_d0b79598
✔ skipped branch sh_files_8d4f91c6
✔ skipped branch sh_files_3960c2fc
✔ skipped branch sh_files_ec9d7612
✔ skipped branch sh_files_579007ad
✔ skipped branch sh_files_833e3e85
✔ skipped branch sh_files_175c2ced
✔ skipped branch sh_files_502a6a0a
✔ skipped branch sh_files_568eaab3
✔ skipped branch sh_files_4a5cc019
✔ skipped branch sh_files_00dfc5bc
✔ skipped branch sh_files_3be8edcb
✔ skipped branch sh_files_3948291d
✔ skipped branch sh_files_c5fdc477
✔ skipped branch sh_files_f37df1d5
✔ skipped branch sh_files_69cd4e2f
✔ skipped branch sh_files_09b2acf8
✔ skipped branch sh_files_54d1fd0f
✔ skipped branch sh_files_8268001e
✔ skipped branch sh_files_1a475e12
✔ skipped branch sh_files_ac4e73bf
✔ skipped branch sh_files_2a6c891c
✔ skipped branch sh_files_2e45cd56
✔ skipped branch sh_files_9629ae9c
✔ skipped branch sh_files_44350b5b
✔ skipped branch sh_files_7bc90742
✔ skipped branch sh_files_3491d3ed
✔ skipped branch sh_files_8aa92f60
✔ skipped branch sh_files_5f3238da
✔ skipped branch sh_files_695f7146
✔ skipped branch sh_files_514e6be7
✔ skipped branch sh_files_591d9ee7
✔ skipped branch sh_files_c4a5a1e6
✔ skipped branch sh_files_27f813cf
✔ skipped branch sh_files_bddb3b07
✔ skipped branch sh_files_d48240b7
✔ skipped branch sh_files_7609d9d2
✔ skipped branch sh_files_f4034cf8
✔ skipped branch sh_files_29033d45
✔ skipped branch sh_files_a3cf34f1
✔ skipped branch sh_files_1887be3e
✔ skipped branch sh_files_51c31c43
✔ skipped branch sh_files_68c67a4b
✔ skipped branch sh_files_006af9e2
✔ skipped branch sh_files_51e1205a
✔ skipped branch sh_files_c60bcdf8
✔ skipped branch sh_files_77cd8f05
✔ skipped branch sh_files_b85044d3
✔ skipped branch sh_files_8b3ce618
✔ skipped branch sh_files_39ce7d9b
✔ skipped branch sh_files_01e51cce
✔ skipped branch sh_files_e1b9620d
✔ skipped branch sh_files_2f14f80b
✔ skipped branch sh_files_77c91607
✔ skipped branch sh_files_9fa6085e
✔ skipped branch sh_files_51ef4f58
✔ skipped branch sh_files_a99c1347
✔ skipped branch sh_files_886e5c2b
✔ skipped branch sh_files_d45fb761
✔ skipped branch sh_files_39797934
✔ skipped branch sh_files_2d8aab1d
✔ skipped branch sh_files_210b1585
✔ skipped branch sh_files_acb54855
✔ skipped branch sh_files_0b8f401b
✔ skipped branch sh_files_374cd72e
✔ skipped branch sh_files_042d678d
✔ skipped branch sh_files_f0734681
✔ skipped branch sh_files_60d758a7
✔ skipped branch sh_files_b5b98762
✔ skipped branch sh_files_cde963fa
✔ skipped branch sh_files_a3acde77
✔ skipped branch sh_files_3a91bcc4
✔ skipped branch sh_files_0d5fc725
✔ skipped branch sh_files_aac07fc1
✔ skipped branch sh_files_7160fce7
✔ skipped branch sh_files_721c313c
✔ skipped branch sh_files_637b3b40
✔ skipped branch sh_files_5e10f842
✔ skipped branch sh_files_4155f9a5
✔ skipped branch sh_files_ad32f53b
✔ skipped branch sh_files_b31bb8e1
✔ skipped branch sh_files_9d62e9b8
✔ skipped branch sh_files_fcc3790d
✔ skipped branch sh_files_663d448e
✔ skipped branch sh_files_816904aa
✔ skipped branch sh_files_486a50a7
✔ skipped branch sh_files_48b77a44
✔ skipped branch sh_files_b4196706
✔ skipped branch sh_files_255b6829
✔ skipped branch sh_files_371065f4
✔ skipped branch sh_files_42d9c3e7
✔ skipped branch sh_files_8a4c196c
✔ skipped branch sh_files_c88f00d5
✔ skipped branch sh_files_7a7abcca
✔ skipped branch sh_files_274a3bf5
✔ skipped branch sh_files_b46f7b79
✔ skipped branch sh_files_601a2a15
✔ skipped branch sh_files_2d2dd43c
✔ skipped branch sh_files_2d1b667d
✔ skipped branch sh_files_abca90b5
✔ skipped branch sh_files_9cf74eae
✔ skipped branch sh_files_5ea5a77a
✔ skipped pattern sh_files
✔ skipped pipeline [6.451 seconds]
